2023-07-11 08:26:24.700 - DBeaver 23.1.1.202306251800 is starting
2023-07-11 08:26:24.701 - OS: Windows 11 10.0 (amd64)
2023-07-11 08:26:24.702 - Java version: 17.0.6 by Eclipse Adoptium (64bit)
2023-07-11 08:26:24.702 - Install path: 'C:\Program Files\DBeaver'
2023-07-11 08:26:24.702 - Instance path: 'file:/C:/Users/Le-Yo/eclipse-workspace/BE-Promineo-Tech/Week8/'
2023-07-11 08:26:24.703 - Memory available 64Mb/1024Mb
> Start Eclipse IDE UI [org.eclipse.ui.ide 3.21.0.v20230526-1500]
2023-07-11 08:26:24.781 - Initializing DBeaver 23.1.1
2023-07-11 08:26:24.783 - Host plugin: org.jkiss.dbeaver.ui.app.standalone 23.1.1.202306251800
2023-07-11 08:26:24.821 - Initialize desktop platform...
2023-07-11 08:26:25.068 - BounceCastle bundle found. Use JCE provider BC
> Start Core File Systems [org.eclipse.core.filesystem 1.10.0.v20230425-0513]
> Start Core Resource Management [org.eclipse.core.resources 3.19.0.v20230510-1240]
> Start Team Support Core [org.eclipse.team.core 3.10.0.v20230317-0901]
> Start DBeaver UI Navigator [org.jkiss.dbeaver.ui.navigator 1.0.108.202306251800]
2023-07-11 08:26:25.448 - Initialize base platform...
2023-07-11 08:26:25.480 - Platform initialized (659ms)
> Start DBeaver UI Editors - Base [org.jkiss.dbeaver.ui.editors.base 1.0.108.202306251800]
2023-07-11 08:26:25.494 - Starting RMI server at 54326
2023-07-11 08:26:25.562 - Run workbench
> Start DBeaver UI [org.jkiss.dbeaver.ui 5.1.123.202306251800]
> Start Eclipse e4 Workbench SWT [org.eclipse.e4.ui.workbench.swt 0.17.0.v20230501-1823]
> Start Eclipse Application Services [org.eclipse.e4.core.services 2.4.0.v20230429-1914]
> Start Eclipse UI Application Services [org.eclipse.e4.ui.services 1.6.0.v20230501-1823]
> Start Eclipse e4 Progress View [org.eclipse.e4.ui.progress 0.4.0.v20230501-1823]
> Start Eclipse Bindings Support [org.eclipse.e4.ui.bindings 0.14.0.v20230501-1823]
> Start Eclipse e4 core commands [org.eclipse.e4.core.commands 1.1.0.v20230501-1823]
> Start EMF XML/XMI Persistence [org.eclipse.emf.ecore.xmi 2.18.0.v20230211-1150]
> Start Eclipse CSS SWT Theme Support [org.eclipse.e4.ui.css.swt.theme 0.14.0.v20230501-1533]
> Start Eclipse e4 Workbench Add-ons [org.eclipse.e4.ui.workbench.addons.swt 1.5.0.v20230501-1823]
> Start Eclipse e4 Workbench SWT Renderer [org.eclipse.e4.ui.workbench.renderers.swt 0.16.0.v20230525-0648]
> Start Eclipse Dependency Injection Extensions [org.eclipse.e4.core.di.extensions 0.18.0.v20230429-1914]
> Start Eclipse CSS SWT Support [org.eclipse.e4.ui.css.swt 0.15.0.v20230317-0802]
> Start jna [com.sun.jna 5.13.0]
2023-07-11 08:26:27.890 - Configure workbench window
> Start DBeaver SQL Model [org.jkiss.dbeaver.model.sql 1.0.98.202306251800]
2023-07-11 08:26:28.074 - Total database drivers: 104 (104)
> Start Help System Core [org.eclipse.help 3.10.0.v20230317-0802]
2023-07-11 08:26:28.511 - Create actions
2023-07-11 08:26:28.522 - Disable Eclipse action set 'org.eclipse.ui.edit.text.actionSet.annotationNavigation'
2023-07-11 08:26:28.523 - Disable Eclipse action set 'org.eclipse.ui.WorkingSetActionSet'
2023-07-11 08:26:28.523 - Disable Eclipse action set 'org.eclipse.ui.actionSet.openFiles'
> Start Text Editor Framework [org.eclipse.ui.workbench.texteditor 3.17.0.v20230316-1200]
> Start Default Text Editor [org.eclipse.ui.editors 3.16.0.v20230329-1609]
> Start Core Compare Support [org.eclipse.compare.core 3.8.0.v20230517-1315]
2023-07-11 08:26:30.496 - Initialize workbench window
2023-07-11 08:26:30.502 - Finish initialization
> Start DBeaver UI Editors - Data [org.jkiss.dbeaver.ui.editors.data 1.0.108.202306251800]
> Start Equinox Java Authentication and Authorization Service (JAAS) [org.eclipse.equinox.security 1.3.1000.v20220801-1135]
> Start Internet Connection Management UI [org.eclipse.ui.net 1.5.0.v20230317-0901]
> Start Internet Connection Management [org.eclipse.core.net 1.5.0.v20230317-0901]
> Start GEF Classic Draw2d [org.eclipse.draw2d 3.13.0.202306071707]
> Start GEF Classic GEF (MVC) [org.eclipse.gef 3.14.0.202306071707]
> Start DBeaver ERD UI [org.jkiss.dbeaver.erd.ui 3.0.68.202306251800]
> Start DBeaver ERD Model [org.jkiss.dbeaver.erd.model 1.0.68.202306251800]
> Start DBeaver UI Editors - SQL [org.jkiss.dbeaver.ui.editors.sql 1.0.108.202306251800]
> Start DBeaver Sample Database [org.jkiss.dbeaver.ext.sample.database 1.0.145.202306251800]
> Start DBeaver Tip of the day [org.jkiss.dbeaver.ext.ui.tipoftheday 1.0.114.202306251800]
2023-07-11 08:26:34.255 - Open [https://dbeaver.io/product/version.xml]
> Start DBeaver UI Editors - Connections [org.jkiss.dbeaver.ui.editors.connection 1.0.99.202306251800]
> Start DBeaver MySQL UI Support [org.jkiss.dbeaver.ext.mysql.ui 1.0.100.202306251800]
> Start Bundle-Name [org.jkiss.dbeaver.model.jdbc 1.0.1.202306251800]
> Start DBeaver MySQL Support [org.jkiss.dbeaver.ext.mysql 2.1.193.202306251800]
2023-07-11 08:26:48.178 - Service 'org.jkiss.dbeaver.runtime.ui.UIServiceSecurity' not found
> Start Common Navigator View [org.eclipse.ui.navigator 3.12.0.v20230329-1313]
> Start Navigator Workbench Components [org.eclipse.ui.navigator.resources 3.9.0.v20230317-0802]
2023-07-11 09:10:46.000 - System suspend detected! Reinitialize all remote connections.
2023-07-11 10:35:59.026 - System suspend detected! Reinitialize all remote connections.
2023-07-11 11:13:42.656 - System suspend detected! Reinitialize all remote connections.
2023-07-11 11:25:15.456 - DBeaver 23.1.1.202306251800 is starting
2023-07-11 11:25:15.457 - OS: Windows 11 10.0 (amd64)
2023-07-11 11:25:15.457 - Java version: 17.0.6 by Eclipse Adoptium (64bit)
2023-07-11 11:25:15.457 - Install path: 'C:\Program Files\DBeaver'
2023-07-11 11:25:15.457 - Instance path: 'file:/C:/Users/Le-Yo/eclipse-workspace/BE-Promineo-Tech/Week8/'
2023-07-11 11:25:15.458 - Memory available 64Mb/1024Mb
2023-07-11 11:25:15.476 - Create display
2023-07-11 11:25:15.682 - Initializing DBeaver 23.1.1
2023-07-11 11:25:15.684 - Host plugin: org.jkiss.dbeaver.ui.app.standalone 23.1.1.202306251800
2023-07-11 11:25:15.684 - Initialize desktop platform...
2023-07-11 11:25:15.871 - BounceCastle bundle found. Use JCE provider BC
> Start Core File Systems [org.eclipse.core.filesystem 1.10.0.v20230425-0513]
> Start Core Resource Management [org.eclipse.core.resources 3.19.0.v20230510-1240]
> Start Team Support Core [org.eclipse.team.core 3.10.0.v20230317-0901]
> Start DBeaver UI Navigator [org.jkiss.dbeaver.ui.navigator 1.0.108.202306251800]
2023-07-11 11:25:16.247 - Initialize base platform...
2023-07-11 11:25:16.283 - Platform initialized (599ms)
> Start DBeaver UI Editors - Base [org.jkiss.dbeaver.ui.editors.base 1.0.108.202306251800]
2023-07-11 11:25:16.302 - Starting RMI server at 31591
2023-07-11 11:25:16.469 - Can't start RMI server because other instance is already running
2023-07-11 11:25:16.487 - Run workbench
> Start DBeaver UI [org.jkiss.dbeaver.ui 5.1.123.202306251800]
> Start Eclipse e4 Workbench SWT [org.eclipse.e4.ui.workbench.swt 0.17.0.v20230501-1823]
> Start Eclipse Application Services [org.eclipse.e4.core.services 2.4.0.v20230429-1914]
> Start Eclipse UI Application Services [org.eclipse.e4.ui.services 1.6.0.v20230501-1823]
> Start Eclipse e4 Progress View [org.eclipse.e4.ui.progress 0.4.0.v20230501-1823]
> Start Eclipse Bindings Support [org.eclipse.e4.ui.bindings 0.14.0.v20230501-1823]
> Start Eclipse e4 core commands [org.eclipse.e4.core.commands 1.1.0.v20230501-1823]
> Start EMF XML/XMI Persistence [org.eclipse.emf.ecore.xmi 2.18.0.v20230211-1150]
> Start Eclipse CSS SWT Theme Support [org.eclipse.e4.ui.css.swt.theme 0.14.0.v20230501-1533]
> Start Eclipse e4 Workbench Add-ons [org.eclipse.e4.ui.workbench.addons.swt 1.5.0.v20230501-1823]
> Start Eclipse e4 Workbench SWT Renderer [org.eclipse.e4.ui.workbench.renderers.swt 0.16.0.v20230525-0648]
> Start Eclipse Dependency Injection Extensions [org.eclipse.e4.core.di.extensions 0.18.0.v20230429-1914]
> Start Eclipse CSS SWT Support [org.eclipse.e4.ui.css.swt 0.15.0.v20230317-0802]
> Start jna [com.sun.jna 5.13.0]
2023-07-11 11:25:26.236 - Configure workbench window
> Start DBeaver SQL Model [org.jkiss.dbeaver.model.sql 1.0.98.202306251800]
2023-07-11 11:25:26.461 - Total database drivers: 104 (104)
> Start Help System Core [org.eclipse.help 3.10.0.v20230317-0802]
2023-07-11 11:25:26.821 - Create actions
2023-07-11 11:25:26.841 - Disable Eclipse action set 'org.eclipse.ui.edit.text.actionSet.annotationNavigation'
2023-07-11 11:25:26.843 - Disable Eclipse action set 'org.eclipse.ui.WorkingSetActionSet'
2023-07-11 11:25:26.845 - Disable Eclipse action set 'org.eclipse.ui.actionSet.openFiles'
> Start Text Editor Framework [org.eclipse.ui.workbench.texteditor 3.17.0.v20230316-1200]
> Start Default Text Editor [org.eclipse.ui.editors 3.16.0.v20230329-1609]
> Start Core Compare Support [org.eclipse.compare.core 3.8.0.v20230517-1315]
2023-07-11 11:25:31.100 - Initialize workbench window
2023-07-11 11:25:31.109 - Finish initialization
> Start DBeaver UI Editors - Data [org.jkiss.dbeaver.ui.editors.data 1.0.108.202306251800]
> Start Equinox Java Authentication and Authorization Service (JAAS) [org.eclipse.equinox.security 1.3.1000.v20220801-1135]
> Start Internet Connection Management UI [org.eclipse.ui.net 1.5.0.v20230317-0901]
> Start Internet Connection Management [org.eclipse.core.net 1.5.0.v20230317-0901]
> Start GEF Classic Draw2d [org.eclipse.draw2d 3.13.0.202306071707]
> Start GEF Classic GEF (MVC) [org.eclipse.gef 3.14.0.202306071707]
> Start DBeaver ERD UI [org.jkiss.dbeaver.erd.ui 3.0.68.202306251800]
> Start DBeaver ERD Model [org.jkiss.dbeaver.erd.model 1.0.68.202306251800]
> Start DBeaver UI Editors - SQL [org.jkiss.dbeaver.ui.editors.sql 1.0.108.202306251800]
> Start DBeaver Sample Database [org.jkiss.dbeaver.ext.sample.database 1.0.145.202306251800]
> Start DBeaver Tip of the day [org.jkiss.dbeaver.ext.ui.tipoftheday 1.0.114.202306251800]
2023-07-11 11:25:36.345 - Open [https://dbeaver.io/product/version.xml]
> Start Bundle-Name [org.jkiss.dbeaver.model.jdbc 1.0.1.202306251800]
> Start DBeaver Generic Plug-in [org.jkiss.dbeaver.ext.generic 2.3.194.202306251800]
> Start DBeaver SQLite Support [org.jkiss.dbeaver.ext.sqlite 1.0.157.202306251800]
> Start Common Navigator View [org.eclipse.ui.navigator 3.12.0.v20230329-1313]
> Start Navigator Workbench Components [org.eclipse.ui.navigator.resources 3.9.0.v20230317-0802]
2023-07-11 11:26:18.287 - Event loop exception
java.lang.NullPointerException: Cannot invoke "org.eclipse.e4.core.contexts.IEclipseContext.activateBranch()" because "context" is null
	at org.eclipse.e4.ui.internal.workbench.PartActivationHistory.activate(PartActivationHistory.java:58)
	at org.eclipse.e4.ui.internal.workbench.PartServiceImpl.activate(PartServiceImpl.java:764)
	at org.eclipse.e4.ui.internal.workbench.PartServiceImpl.activate(PartServiceImpl.java:683)
	at org.eclipse.e4.ui.internal.workbench.PartServiceImpl.activate(PartServiceImpl.java:678)
	at org.eclipse.e4.ui.workbench.addons.dndaddon.DropAgent.reactivatePart(DropAgent.java:74)
	at org.eclipse.e4.ui.workbench.addons.dndaddon.StackDropAgent.reactivatePart(StackDropAgent.java:1)
	at org.eclipse.e4.ui.workbench.addons.dndaddon.StackDropAgent.drop(StackDropAgent.java:435)
	at org.eclipse.e4.ui.workbench.addons.dndaddon.DragAgent.dragFinished(DragAgent.java:172)
	at org.eclipse.e4.ui.workbench.addons.dndaddon.PartDragAgent.dragFinished(PartDragAgent.java:111)
	at org.eclipse.e4.ui.workbench.addons.dndaddon.DnDManager.finishDrag(DnDManager.java:271)
	at org.eclipse.e4.ui.workbench.addons.dndaddon.DnDManager.startDrag(DnDManager.java:238)
	at org.eclipse.e4.ui.workbench.addons.dndaddon.DnDManager.lambda$0(DnDManager.java:84)
	at org.eclipse.swt.widgets.TypedListener.handleEvent(TypedListener.java:131)
	at org.eclipse.swt.widgets.EventTable.sendEvent(EventTable.java:89)
	at org.eclipse.swt.widgets.Display.sendEvent(Display.java:4274)
	at org.eclipse.swt.widgets.Widget.sendEvent(Widget.java:1066)
	at org.eclipse.swt.widgets.Display.runDeferredEvents(Display.java:4072)
	at org.eclipse.swt.widgets.Display.readAndDispatch(Display.java:3660)
	at org.eclipse.e4.ui.internal.workbench.swt.PartRenderingEngine$5.run(PartRenderingEngine.java:1155)
	at org.eclipse.core.databinding.observable.Realm.runWithDefault(Realm.java:338)
	at org.eclipse.e4.ui.internal.workbench.swt.PartRenderingEngine.run(PartRenderingEngine.java:1046)
	at org.eclipse.e4.ui.internal.workbench.E4Workbench.createAndRunUI(E4Workbench.java:155)
	at org.eclipse.ui.internal.Workbench.lambda$3(Workbench.java:643)
	at org.eclipse.core.databinding.observable.Realm.runWithDefault(Realm.java:338)
	at org.eclipse.ui.internal.Workbench.createAndRunWorkbench(Workbench.java:550)
	at org.eclipse.ui.PlatformUI.createAndRunWorkbench(PlatformUI.java:171)
	at org.jkiss.dbeaver.ui.app.standalone.DBeaverApplication.start(DBeaverApplication.java:279)
	at org.eclipse.equinox.internal.app.EclipseAppHandle.run(EclipseAppHandle.java:203)
	at org.eclipse.core.runtime.internal.adaptor.EclipseAppLauncher.runApplication(EclipseAppLauncher.java:136)
	at org.eclipse.core.runtime.internal.adaptor.EclipseAppLauncher.start(EclipseAppLauncher.java:104)
	at org.eclipse.core.runtime.adaptor.EclipseStarter.run(EclipseStarter.java:402)
	at org.eclipse.core.runtime.adaptor.EclipseStarter.run(EclipseStarter.java:255)
	at java.base/jdk.internal.reflect.NativeMethodAccessorImpl.invoke0(Native Method)
	at java.base/jdk.internal.reflect.NativeMethodAccessorImpl.invoke(Unknown Source)
	at java.base/jdk.internal.reflect.DelegatingMethodAccessorImpl.invoke(Unknown Source)
	at java.base/java.lang.reflect.Method.invoke(Unknown Source)
	at org.eclipse.equinox.launcher.Main.invokeFramework(Main.java:659)
	at org.eclipse.equinox.launcher.Main.basicRun(Main.java:596)
	at org.eclipse.equinox.launcher.Main.run(Main.java:1467)
2023-07-11 12:56:31.516 - System suspend detected! Reinitialize all remote connections.
2023-07-11 12:56:32.000 - System suspend detected! Reinitialize all remote connections.
2023-07-11 14:33:01.999 - System suspend detected! Reinitialize all remote connections.
2023-07-11 14:33:01.999 - System suspend detected! Reinitialize all remote connections.
2023-07-11 15:33:33.608 - 2023-07-11 15:33:33.686 - System suspend detected! Reinitialize all remote connections.
System suspend detected! Reinitialize all remote connections.
2023-07-11 16:30:38.546 - System suspend detected! Reinitialize all remote connections.
2023-07-11 16:30:38.995 - System suspend detected! Reinitialize all remote connections.
2023-07-11 19:46:08.515 - System suspend detected! Reinitialize all remote connections.
2023-07-11 19:46:08.731 - System suspend detected! Reinitialize all remote connections.
2023-07-11 20:44:35.547 - System suspend detected! Reinitialize all remote connections.
2023-07-11 20:44:35.639 - System suspend detected! Reinitialize all remote connections.
2023-07-11 21:10:48.999 - System suspend detected! Reinitialize all remote connections.
2023-07-11 21:10:48.999 - System suspend detected! Reinitialize all remote connections.
2023-07-11 21:57:45.500 - System suspend detected! Reinitialize all remote connections.
2023-07-11 21:57:45.633 - System suspend detected! Reinitialize all remote connections.
2023-07-12 01:09:45.012 - 2023-07-12 01:09:45.012 - System suspend detected! Reinitialize all remote connections.
System suspend detected! Reinitialize all remote connections.
