2023-07-17 16:45:28.264 - DBeaver 23.1.1.202306251800 is starting
2023-07-17 16:45:28.266 - OS: Windows 11 10.0 (amd64)
2023-07-17 16:45:28.266 - Java version: 17.0.6 by Eclipse Adoptium (64bit)
2023-07-17 16:45:28.266 - Install path: 'C:\Program Files\DBeaver'
2023-07-17 16:45:28.266 - Instance path: 'file:/C:/Users/Le-Yo/eclipse-workspace/BE-Promineo-Tech/Week8/'
2023-07-17 16:45:28.266 - Memory available 64Mb/1024Mb
2023-07-17 16:45:28.283 - Create display
2023-07-17 16:45:28.439 - Initializing DBeaver 23.1.1
2023-07-17 16:45:28.441 - Host plugin: org.jkiss.dbeaver.ui.app.standalone 23.1.1.202306251800
2023-07-17 16:45:28.441 - Initialize desktop platform...
2023-07-17 16:45:28.643 - BounceCastle bundle found. Use JCE provider BC
> Start Core File Systems [org.eclipse.core.filesystem 1.10.0.v20230425-0513]
> Start Core Resource Management [org.eclipse.core.resources 3.19.0.v20230510-1240]
> Start Team Support Core [org.eclipse.team.core 3.10.0.v20230317-0901]
> Start DBeaver UI Navigator [org.jkiss.dbeaver.ui.navigator 1.0.108.202306251800]
2023-07-17 16:45:29.032 - Initialize base platform...
2023-07-17 16:45:29.066 - Platform initialized (625ms)
> Start DBeaver UI Editors - Base [org.jkiss.dbeaver.ui.editors.base 1.0.108.202306251800]
2023-07-17 16:45:29.090 - Starting RMI server at 35963
2023-07-17 16:45:29.179 - Run workbench
> Start DBeaver UI [org.jkiss.dbeaver.ui 5.1.123.202306251800]
> Start Eclipse e4 Workbench SWT [org.eclipse.e4.ui.workbench.swt 0.17.0.v20230501-1823]
> Start Eclipse Application Services [org.eclipse.e4.core.services 2.4.0.v20230429-1914]
> Start Eclipse UI Application Services [org.eclipse.e4.ui.services 1.6.0.v20230501-1823]
> Start Eclipse e4 Progress View [org.eclipse.e4.ui.progress 0.4.0.v20230501-1823]
> Start Eclipse Bindings Support [org.eclipse.e4.ui.bindings 0.14.0.v20230501-1823]
> Start Eclipse e4 core commands [org.eclipse.e4.core.commands 1.1.0.v20230501-1823]
> Start EMF XML/XMI Persistence [org.eclipse.emf.ecore.xmi 2.18.0.v20230211-1150]
> Start Eclipse CSS SWT Theme Support [org.eclipse.e4.ui.css.swt.theme 0.14.0.v20230501-1533]
> Start Eclipse e4 Workbench Add-ons [org.eclipse.e4.ui.workbench.addons.swt 1.5.0.v20230501-1823]
> Start Eclipse e4 Workbench SWT Renderer [org.eclipse.e4.ui.workbench.renderers.swt 0.16.0.v20230525-0648]
> Start Eclipse Dependency Injection Extensions [org.eclipse.e4.core.di.extensions 0.18.0.v20230429-1914]
> Start Eclipse CSS SWT Support [org.eclipse.e4.ui.css.swt 0.15.0.v20230317-0802]
> Start jna [com.sun.jna 5.13.0]
2023-07-17 16:45:37.158 - Configure workbench window
> Start DBeaver SQL Model [org.jkiss.dbeaver.model.sql 1.0.98.202306251800]
2023-07-17 16:45:37.305 - Total database drivers: 104 (104)
> Start Help System Core [org.eclipse.help 3.10.0.v20230317-0802]
2023-07-17 16:45:37.395 - Create actions
2023-07-17 16:45:37.400 - Disable Eclipse action set 'org.eclipse.ui.edit.text.actionSet.annotationNavigation'
2023-07-17 16:45:37.401 - Disable Eclipse action set 'org.eclipse.ui.WorkingSetActionSet'
2023-07-17 16:45:37.401 - Disable Eclipse action set 'org.eclipse.ui.actionSet.openFiles'
2023-07-17 16:45:38.025 - Initialize workbench window
2023-07-17 16:45:38.030 - Finish initialization
> Start Common Navigator View [org.eclipse.ui.navigator 3.12.0.v20230329-1313]
> Start Navigator Workbench Components [org.eclipse.ui.navigator.resources 3.9.0.v20230317-0802]
> Start Text Editor Framework [org.eclipse.ui.workbench.texteditor 3.17.0.v20230316-1200]
> Start Default Text Editor [org.eclipse.ui.editors 3.16.0.v20230329-1609]
> Start Core Compare Support [org.eclipse.compare.core 3.8.0.v20230517-1315]
> Start Console [org.eclipse.ui.console 3.12.0.v20230317-0802]
> Start DBeaver UI Editors - Data [org.jkiss.dbeaver.ui.editors.data 1.0.108.202306251800]
> Start Equinox Java Authentication and Authorization Service (JAAS) [org.eclipse.equinox.security 1.3.1000.v20220801-1135]
> Start Internet Connection Management UI [org.eclipse.ui.net 1.5.0.v20230317-0901]
> Start Internet Connection Management [org.eclipse.core.net 1.5.0.v20230317-0901]
> Start DBeaver Sample Database [org.jkiss.dbeaver.ext.sample.database 1.0.145.202306251800]
> Start DBeaver Tip of the day [org.jkiss.dbeaver.ext.ui.tipoftheday 1.0.114.202306251800]
2023-07-17 16:45:42.754 - Open [https://dbeaver.io/product/version.xml]
> Start Search Support [org.eclipse.search 3.15.0.v20230427-2049]
> Start GEF Classic Draw2d [org.eclipse.draw2d 3.13.0.202306071707]
> Start GEF Classic GEF (MVC) [org.eclipse.gef 3.14.0.202306071707]
> Start DBeaver ERD UI [org.jkiss.dbeaver.erd.ui 3.0.68.202306251800]
> Start DBeaver ERD Model [org.jkiss.dbeaver.erd.model 1.0.68.202306251800]
> Start DBeaver UI Editors - SQL [org.jkiss.dbeaver.ui.editors.sql 1.0.108.202306251800]
2023-07-17 16:47:38.776 - DBeaver is stopping
2023-07-17 16:47:38.779 - Stop RMI server
2023-07-17 16:47:38.780 - RMI controller has been stopped
2023-07-17 16:47:38.780 - DBeaver shutdown completed
